c:\git19\nemosim\_build64\lifnetworksimulation.dir\debug\xmlparser.obj
c:\git19\nemosim\_build64\lifnetworksimulation.dir\debug\lifneuron.obj
c:\git19\nemosim\_build64\lifnetworksimulation.dir\debug\liflayer.obj
c:\git19\nemosim\_build64\lifnetworksimulation.dir\debug\lifnetwork.obj
c:\git19\nemosim\_build64\lifnetworksimulation.dir\debug\main.obj
c:\git19\nemosim\_build64\cmakefiles\generate.stamp
c:\git19\nemosim\_build64\lifnetworksimulation.dir\debug\lifnetworksimulation.ilk
c:\git19\nemosim\lifnetworksimulation.exe
c:\git19\nemosim\lifnetworksimulation.pdb
c:\git19\nemosim\_build64\lifnetworksimulation.dir\debug\vc142.idb
c:\git19\nemosim\_build64\lifnetworksimulation.dir\debug\vc142.pdb
c:\git19\nemosim\_build64\lifnetworksimulation.dir\debug\vc142_ib_1.pdb
c:\git19\nemosim\_build64\lifnetworksimulation.dir\debug\vc142_ib_2.pdb
c:\git19\nemosim\_build64\lifnetworksimulation.dir\debug\vc142_ib_3.pdb
c:\git19\nemosim\_build64\lifnetworksimulation.dir\debug\vc142_ib_4.pdb
c:\git19\nemosim\_build64\lifnetworksimulation.dir\debug\vc142_ib_5.pdb
c:\git19\nemosim\_build64\lifnetworksimulation.dir\debug\lifnetwo.cd257183.tlog\cl.command.1.tlog
c:\git19\nemosim\_build64\lifnetworksimulation.dir\debug\lifnetwo.cd257183.tlog\cl.read.1.tlog
c:\git19\nemosim\_build64\lifnetworksimulation.dir\debug\lifnetwo.cd257183.tlog\cl.write.1.tlog
c:\git19\nemosim\_build64\lifnetworksimulation.dir\debug\lifnetwo.cd257183.tlog\custombuild.command.1.tlog
c:\git19\nemosim\_build64\lifnetworksimulation.dir\debug\lifnetwo.cd257183.tlog\custombuild.read.1.tlog
c:\git19\nemosim\_build64\lifnetworksimulation.dir\debug\lifnetwo.cd257183.tlog\custombuild.write.1.tlog
c:\git19\nemosim\_build64\lifnetworksimulation.dir\debug\lifnetwo.cd257183.tlog\ib.ib.cl.write.1.tlog
c:\git19\nemosim\_build64\lifnetworksimulation.dir\debug\lifnetwo.cd257183.tlog\ib.ib.link.write.1.tlog
c:\git19\nemosim\_build64\lifnetworksimulation.dir\debug\lifnetwo.cd257183.tlog\link.command.1.tlog
c:\git19\nemosim\_build64\lifnetworksimulation.dir\debug\lifnetwo.cd257183.tlog\link.read.1.tlog
c:\git19\nemosim\_build64\lifnetworksimulation.dir\debug\lifnetwo.cd257183.tlog\link.write.1.tlog
